<?xml version="1.0" encoding="UTF-8"?>
<!-- Generated by org.testng.reporters.JUnitReportReporter -->
<testsuite hostname="DESKTOP-BR4ETCM" failures="0" tests="3" name="com.Runner.Test_Runner" time="17.585" errors="0" timestamp="04 Oct 2023 06:19:08 GMT" skipped="0">
  <testcase classname="com.Runner.Test_Runner" name="validateTheHomePage" time="11.221"/>
  <testcase classname="com.Runner.Test_Runner" name="signup" time="4.749"/>
  <testcase classname="com.Runner.Test_Runner" name="Login" time="1.615"/>
</testsuite> <!-- com.Runner.Test_Runner -->
